
*** Running vivado
    with args -log test_env.vds -m64 -product Vivado -mode batch -messageDb vivado.pb -notrace -source test_env.tcl



****** Vivado v2024.2 (64-bit)
  **** SW Build 5239630 on Fri Nov 08 22:35:27 MST 2024
  **** IP Build 5239520 on Sun Nov 10 16:12:51 MST 2024
  **** SharedData Build 5239561 on Fri Nov 08 14:39:27 MST 2024
  **** Start of session at: Mon May 19 10:20:24 2025
    ** Copyright 1986-2022 Xilinx, Inc. All Rights Reserved.
    ** Copyright 2022-2024 Advanced Micro Devices, Inc. All Rights Reserved.

source test_env.tcl -notrace
Command: read_checkpoint -auto_incremental -incremental {E:/Anul 2/Semestru 2/AC/PIPELINE/PIPELINE.srcs/utils_1/imports/synth_1/test_env.dcp}
INFO: [Vivado 12-5825] Read reference checkpoint from E:/Anul 2/Semestru 2/AC/PIPELINE/PIPELINE.srcs/utils_1/imports/synth_1/test_env.dcp for incremental synthesis
INFO: [Vivado 12-7989] Please ensure there are no constraint changes
Command: synth_design -top test_env -part xc7a100tcsg324-1
Starting synth_design
Attempting to get a license for feature 'Synthesis' and/or device 'xc7a100t'
INFO: [Common 17-349] Got license for feature 'Synthesis' and/or device 'xc7a100t'
INFO: [Device 21-403] Loading part xc7a100tcsg324-1
INFO: [Designutils 20-5440] No compile time benefit to using incremental synthesis; A full resynthesis will be run
INFO: [Designutils 20-4379] Flow is switching to default flow due to incremental criteria not met. If you would like to alter this behaviour and have the flow terminate instead, please set the following parameter config_implementation {autoIncr.Synth.RejectBehavior Terminate}
INFO: [Synth 8-7079] Multithreading enabled for synth_design using a maximum of 2 processes.
INFO: [Synth 8-7078] Launching helper process for spawning children vivado processes
INFO: [Synth 8-7075] Helper process launched with PID 15748
---------------------------------------------------------------------------------
Starting RTL Elaboration : Time (s): cpu = 00:00:09 ; elapsed = 00:00:10 . Memory (MB): peak = 1045.879 ; gain = 469.504
---------------------------------------------------------------------------------
INFO: [Synth 8-638] synthesizing module 'test_env' [E:/Anul 2/Semestru 2/AC/PIPELINE/PIPELINE.srcs/sources_1/new/test_env.vhd:21]
INFO: [Synth 8-3491] module 'MPG' declared at 'E:/Anul 2/Semestru 2/AC/PIPELINE/PIPELINE.srcs/sources_1/new/MPG.vhd:14' bound to instance 'monopulse' of component 'MPG' [E:/Anul 2/Semestru 2/AC/PIPELINE/PIPELINE.srcs/sources_1/new/test_env.vhd:144]
INFO: [Synth 8-638] synthesizing module 'MPG' [E:/Anul 2/Semestru 2/AC/PIPELINE/PIPELINE.srcs/sources_1/new/MPG.vhd:20]
INFO: [Synth 8-256] done synthesizing module 'MPG' (0#1) [E:/Anul 2/Semestru 2/AC/PIPELINE/PIPELINE.srcs/sources_1/new/MPG.vhd:20]
INFO: [Synth 8-3491] module 'IFetch' declared at 'E:/Anul 2/Semestru 2/AC/PIPELINE/PIPELINE.srcs/sources_1/new/IFetch.vhd:35' bound to instance 'inst_IFetch' of component 'IFetch' [E:/Anul 2/Semestru 2/AC/PIPELINE/PIPELINE.srcs/sources_1/new/test_env.vhd:146]
INFO: [Synth 8-638] synthesizing module 'IFetch' [E:/Anul 2/Semestru 2/AC/PIPELINE/PIPELINE.srcs/sources_1/new/IFetch.vhd:47]
INFO: [Synth 8-256] done synthesizing module 'IFetch' (0#1) [E:/Anul 2/Semestru 2/AC/PIPELINE/PIPELINE.srcs/sources_1/new/IFetch.vhd:47]
INFO: [Synth 8-3491] module 'ID' declared at 'E:/Anul 2/Semestru 2/AC/PIPELINE/PIPELINE.srcs/sources_1/new/IDecode.vhd:14' bound to instance 'inst_ID' of component 'ID' [E:/Anul 2/Semestru 2/AC/PIPELINE/PIPELINE.srcs/sources_1/new/test_env.vhd:147]
INFO: [Synth 8-638] synthesizing module 'ID' [E:/Anul 2/Semestru 2/AC/PIPELINE/PIPELINE.srcs/sources_1/new/IDecode.vhd:32]
INFO: [Synth 8-256] done synthesizing module 'ID' (0#1) [E:/Anul 2/Semestru 2/AC/PIPELINE/PIPELINE.srcs/sources_1/new/IDecode.vhd:32]
INFO: [Synth 8-3491] module 'UC' declared at 'E:/Anul 2/Semestru 2/AC/PIPELINE/PIPELINE.srcs/sources_1/new/UC.vhd:13' bound to instance 'inst_UC' of component 'UC' [E:/Anul 2/Semestru 2/AC/PIPELINE/PIPELINE.srcs/sources_1/new/test_env.vhd:148]
INFO: [Synth 8-638] synthesizing module 'UC' [E:/Anul 2/Semestru 2/AC/PIPELINE/PIPELINE.srcs/sources_1/new/UC.vhd:29]
INFO: [Synth 8-256] done synthesizing module 'UC' (0#1) [E:/Anul 2/Semestru 2/AC/PIPELINE/PIPELINE.srcs/sources_1/new/UC.vhd:29]
INFO: [Synth 8-3491] module 'EX' declared at 'E:/Anul 2/Semestru 2/AC/PIPELINE/PIPELINE.srcs/sources_1/new/EX.vhd:14' bound to instance 'inst_EX' of component 'EX' [E:/Anul 2/Semestru 2/AC/PIPELINE/PIPELINE.srcs/sources_1/new/test_env.vhd:149]
INFO: [Synth 8-638] synthesizing module 'EX' [E:/Anul 2/Semestru 2/AC/PIPELINE/PIPELINE.srcs/sources_1/new/EX.vhd:35]
INFO: [Synth 8-256] done synthesizing module 'EX' (0#1) [E:/Anul 2/Semestru 2/AC/PIPELINE/PIPELINE.srcs/sources_1/new/EX.vhd:35]
INFO: [Synth 8-3491] module 'MEM' declared at 'E:/Anul 2/Semestru 2/AC/PIPELINE/PIPELINE.srcs/sources_1/new/MEM.vhd:35' bound to instance 'inst_MEM' of component 'MEM' [E:/Anul 2/Semestru 2/AC/PIPELINE/PIPELINE.srcs/sources_1/new/test_env.vhd:152]
INFO: [Synth 8-638] synthesizing module 'MEM' [E:/Anul 2/Semestru 2/AC/PIPELINE/PIPELINE.srcs/sources_1/new/MEM.vhd:45]
INFO: [Synth 8-256] done synthesizing module 'MEM' (0#1) [E:/Anul 2/Semestru 2/AC/PIPELINE/PIPELINE.srcs/sources_1/new/MEM.vhd:45]
INFO: [Synth 8-226] default block is never used [E:/Anul 2/Semestru 2/AC/PIPELINE/PIPELINE.srcs/sources_1/new/test_env.vhd:154]
INFO: [Synth 8-226] default block is never used [E:/Anul 2/Semestru 2/AC/PIPELINE/PIPELINE.srcs/sources_1/new/test_env.vhd:214]
INFO: [Synth 8-3491] module 'SSD' declared at 'E:/Anul 2/Semestru 2/AC/PIPELINE/PIPELINE.srcs/sources_1/new/SSD.vhd:14' bound to instance 'display' of component 'SSD' [E:/Anul 2/Semestru 2/AC/PIPELINE/PIPELINE.srcs/sources_1/new/test_env.vhd:225]
INFO: [Synth 8-638] synthesizing module 'SSD' [E:/Anul 2/Semestru 2/AC/PIPELINE/PIPELINE.srcs/sources_1/new/SSD.vhd:21]
INFO: [Synth 8-226] default block is never used [E:/Anul 2/Semestru 2/AC/PIPELINE/PIPELINE.srcs/sources_1/new/SSD.vhd:40]
INFO: [Synth 8-226] default block is never used [E:/Anul 2/Semestru 2/AC/PIPELINE/PIPELINE.srcs/sources_1/new/SSD.vhd:55]
INFO: [Synth 8-226] default block is never used [E:/Anul 2/Semestru 2/AC/PIPELINE/PIPELINE.srcs/sources_1/new/SSD.vhd:68]
INFO: [Synth 8-256] done synthesizing module 'SSD' (0#1) [E:/Anul 2/Semestru 2/AC/PIPELINE/PIPELINE.srcs/sources_1/new/SSD.vhd:21]
INFO: [Synth 8-256] done synthesizing module 'test_env' (0#1) [E:/Anul 2/Semestru 2/AC/PIPELINE/PIPELINE.srcs/sources_1/new/test_env.vhd:21]
WARNING: [Synth 8-6014] Unused sequential element cnt_reg was removed.  [E:/Anul 2/Semestru 2/AC/PIPELINE/PIPELINE.srcs/sources_1/new/IDecode.vhd:53]
WARNING: [Synth 8-7129] Port sa[4] in module EX is either unconnected or has no load
WARNING: [Synth 8-7129] Port sa[3] in module EX is either unconnected or has no load
WARNING: [Synth 8-7129] Port sa[2] in module EX is either unconnected or has no load
WARNING: [Synth 8-7129] Port sa[1] in module EX is either unconnected or has no load
WARNING: [Synth 8-7129] Port sa[0] in module EX is either unconnected or has no load
WARNING: [Synth 8-7129] Port EnableMem in module EX is either unconnected or has no load
WARNING: [Synth 8-7129] Port RegDst in module ID is either unconnected or has no load
WARNING: [Synth 8-7129] Port led[15] in module test_env is either unconnected or has no load
WARNING: [Synth 8-7129] Port led[14] in module test_env is either unconnected or has no load
WARNING: [Synth 8-7129] Port led[13] in module test_env is either unconnected or has no load
WARNING: [Synth 8-7129] Port led[12] in module test_env is either unconnected or has no load
WARNING: [Synth 8-7129] Port led[11] in module test_env is either unconnected or has no load
WARNING: [Synth 8-7129] Port btn[4] in module test_env is either unconnected or has no load
WARNING: [Synth 8-7129] Port btn[3] in module test_env is either unconnected or has no load
WARNING: [Synth 8-7129] Port btn[2] in module test_env is either unconnected or has no load
WARNING: [Synth 8-7129] Port sw[15] in module test_env is either unconnected or has no load
WARNING: [Synth 8-7129] Port sw[14] in module test_env is either unconnected or has no load
WARNING: [Synth 8-7129] Port sw[13] in module test_env is either unconnected or has no load
WARNING: [Synth 8-7129] Port sw[12] in module test_env is either unconnected or has no load
WARNING: [Synth 8-7129] Port sw[11] in module test_env is either unconnected or has no load
WARNING: [Synth 8-7129] Port sw[10] in module test_env is either unconnected or has no load
WARNING: [Synth 8-7129] Port sw[9] in module test_env is either unconnected or has no load
WARNING: [Synth 8-7129] Port sw[8] in module test_env is either unconnected or has no load
WARNING: [Synth 8-7129] Port sw[4] in module test_env is either unconnected or has no load
WARNING: [Synth 8-7129] Port sw[3] in module test_env is either unconnected or has no load
WARNING: [Synth 8-7129] Port sw[2] in module test_env is either unconnected or has no load
WARNING: [Synth 8-7129] Port sw[1] in module test_env is either unconnected or has no load
WARNING: [Synth 8-7129] Port sw[0] in module test_env is either unconnected or has no load
---------------------------------------------------------------------------------
Finished RTL Elaboration : Time (s): cpu = 00:00:11 ; elapsed = 00:00:13 . Memory (MB): peak = 1153.730 ; gain = 577.355
---------------------------------------------------------------------------------
---------------------------------------------------------------------------------
Start Handling Custom Attributes
---------------------------------------------------------------------------------
---------------------------------------------------------------------------------
Finished Handling Custom Attributes : Time (s): cpu = 00:00:12 ; elapsed = 00:00:13 . Memory (MB): peak = 1153.730 ; gain = 577.355
---------------------------------------------------------------------------------
---------------------------------------------------------------------------------
Finished RTL Optimization Phase 1 : Time (s): cpu = 00:00:12 ; elapsed = 00:00:13 . Memory (MB): peak = 1153.730 ; gain = 577.355
---------------------------------------------------------------------------------
Netlist sorting complete. Time (s): cpu = 00:00:00 ; elapsed = 00:00:00.018 . Memory (MB): peak = 1153.730 ; gain = 0.000
INFO: [Project 1-570] Preparing netlist for logic optimization

Processing XDC Constraints
Initializing timing engine
Parsing XDC File [E:/Anul 2/Semestru 2/AC/NexysA7_test_env.xdc]
Finished Parsing XDC File [E:/Anul 2/Semestru 2/AC/NexysA7_test_env.xdc]
INFO: [Project 1-236] Implementation specific constraints were found while reading constraint file [E:/Anul 2/Semestru 2/AC/NexysA7_test_env.xdc]. These constraints will be ignored for synthesis but will be used in implementation. Impacted constraints are listed in the file [.Xil/test_env_propImpl.xdc].
Resolution: To avoid this warning, move constraints listed in [.Xil/test_env_propImpl.xdc] to another XDC file and exclude this new file from synthesis with the used_in_synthesis property (File Properties dialog in GUI) and re-run elaboration/synthesis.
Completed Processing XDC Constraints

Netlist sorting complete. Time (s): cpu = 00:00:00 ; elapsed = 00:00:00 . Memory (MB): peak = 1239.746 ; gain = 0.000
INFO: [Project 1-111] Unisim Transformation Summary:
No Unisim elements were transformed.

Constraint Validation Runtime : Time (s): cpu = 00:00:00 ; elapsed = 00:00:00.005 . Memory (MB): peak = 1239.746 ; gain = 0.000
INFO: [Designutils 20-5440] No compile time benefit to using incremental synthesis; A full resynthesis will be run
INFO: [Designutils 20-4379] Flow is switching to default flow due to incremental criteria not met. If you would like to alter this behaviour and have the flow terminate instead, please set the following parameter config_implementation {autoIncr.Synth.RejectBehavior Terminate}
---------------------------------------------------------------------------------
Finished Constraint Validation : Time (s): cpu = 00:00:25 ; elapsed = 00:00:27 . Memory (MB): peak = 1239.746 ; gain = 663.371
---------------------------------------------------------------------------------
---------------------------------------------------------------------------------
Start Loading Part and Timing Information
---------------------------------------------------------------------------------
Loading part: xc7a100tcsg324-1
---------------------------------------------------------------------------------
Finished Loading Part and Timing Information : Time (s): cpu = 00:00:25 ; elapsed = 00:00:27 . Memory (MB): peak = 1239.746 ; gain = 663.371
---------------------------------------------------------------------------------
---------------------------------------------------------------------------------
Start Applying 'set_property' XDC Constraints
---------------------------------------------------------------------------------
---------------------------------------------------------------------------------
Finished applying 'set_property' XDC Constraints : Time (s): cpu = 00:00:25 ; elapsed = 00:00:27 . Memory (MB): peak = 1239.746 ; gain = 663.371
---------------------------------------------------------------------------------
---------------------------------------------------------------------------------
Finished RTL Optimization Phase 2 : Time (s): cpu = 00:00:25 ; elapsed = 00:00:27 . Memory (MB): peak = 1239.746 ; gain = 663.371
---------------------------------------------------------------------------------
---------------------------------------------------------------------------------
Start RTL Component Statistics 
---------------------------------------------------------------------------------
Detailed RTL Component Info : 
+---Adders : 
	   2 Input   32 Bit       Adders := 3     
	   3 Input   32 Bit       Adders := 1     
+---Registers : 
	               32 Bit    Registers := 13    
	                6 Bit    Registers := 1     
	                5 Bit    Registers := 5     
	                3 Bit    Registers := 1     
	                1 Bit    Registers := 20    
+---RAMs : 
	               2K Bit	(64 X 32 bit)          RAMs := 1     
	             1024 Bit	(32 X 32 bit)          RAMs := 1     
+---Muxes : 
	   2 Input   32 Bit        Muxes := 4     
	  33 Input   32 Bit        Muxes := 1     
	   4 Input   32 Bit        Muxes := 1     
	   2 Input   16 Bit        Muxes := 1     
	   8 Input    8 Bit        Muxes := 1     
	   2 Input    5 Bit        Muxes := 1     
	  13 Input    3 Bit        Muxes := 2     
	  13 Input    1 Bit        Muxes := 11    
	   2 Input    1 Bit        Muxes := 2     
---------------------------------------------------------------------------------
Finished RTL Component Statistics 
---------------------------------------------------------------------------------
---------------------------------------------------------------------------------
Start Part Resource Summary
---------------------------------------------------------------------------------
Part Resources:
DSPs: 240 (col length:80)
BRAMs: 270 (col length: RAMB18 80 RAMB36 40)
---------------------------------------------------------------------------------
Finished Part Resource Summary
---------------------------------------------------------------------------------
---------------------------------------------------------------------------------
Start Cross Boundary and Area Optimization
---------------------------------------------------------------------------------
WARNING: [Synth 8-7080] Parallel synthesis criteria is not met
INFO: [Synth 8-3971] The signal "test_env/inst_ID/reg_file_reg" was recognized as a true dual port RAM template.
WARNING: [Synth 8-7129] Port led[15] in module test_env is either unconnected or has no load
WARNING: [Synth 8-7129] Port led[14] in module test_env is either unconnected or has no load
WARNING: [Synth 8-7129] Port led[13] in module test_env is either unconnected or has no load
WARNING: [Synth 8-7129] Port led[12] in module test_env is either unconnected or has no load
WARNING: [Synth 8-7129] Port led[11] in module test_env is either unconnected or has no load
WARNING: [Synth 8-7129] Port btn[4] in module test_env is either unconnected or has no load
WARNING: [Synth 8-7129] Port btn[3] in module test_env is either unconnected or has no load
WARNING: [Synth 8-7129] Port btn[2] in module test_env is either unconnected or has no load
WARNING: [Synth 8-7129] Port sw[15] in module test_env is either unconnected or has no load
WARNING: [Synth 8-7129] Port sw[14] in module test_env is either unconnected or has no load
WARNING: [Synth 8-7129] Port sw[13] in module test_env is either unconnected or has no load
WARNING: [Synth 8-7129] Port sw[12] in module test_env is either unconnected or has no load
WARNING: [Synth 8-7129] Port sw[11] in module test_env is either unconnected or has no load
WARNING: [Synth 8-7129] Port sw[10] in module test_env is either unconnected or has no load
WARNING: [Synth 8-7129] Port sw[9] in module test_env is either unconnected or has no load
WARNING: [Synth 8-7129] Port sw[8] in module test_env is either unconnected or has no load
WARNING: [Synth 8-7129] Port sw[4] in module test_env is either unconnected or has no load
WARNING: [Synth 8-7129] Port sw[3] in module test_env is either unconnected or has no load
WARNING: [Synth 8-7129] Port sw[2] in module test_env is either unconnected or has no load
WARNING: [Synth 8-7129] Port sw[1] in module test_env is either unconnected or has no load
WARNING: [Synth 8-7129] Port sw[0] in module test_env is either unconnected or has no load
INFO: [Synth 8-3971] The signal "test_env/inst_ID/reg_file_reg" was recognized as a true dual port RAM template.
---------------------------------------------------------------------------------
Finished Cross Boundary and Area Optimization : Time (s): cpu = 00:00:32 ; elapsed = 00:00:34 . Memory (MB): peak = 1239.746 ; gain = 663.371
---------------------------------------------------------------------------------
---------------------------------------------------------------------------------
Start ROM, RAM, DSP, Shift Register and Retiming Reporting
---------------------------------------------------------------------------------

Block RAM: Preliminary Mapping Report (see note below)
+------------+------------------+------------------------+---+---+------------------------+---+---+------------------+--------+--------+
|Module Name | RTL Object       | PORT A (Depth x Width) | W | R | PORT B (Depth x Width) | W | R | Ports driving FF | RAMB18 | RAMB36 | 
+------------+------------------+------------------------+---+---+------------------------+---+---+------------------+--------+--------+
|test_env    | inst_MEM/RAM_reg | 64 x 32(WRITE_FIRST)   | W | R |                        |   |   | Port A           | 1      | 0      | 
+------------+------------------+------------------------+---+---+------------------------+---+---+------------------+--------+--------+

Note: The table above is a preliminary report that shows the Block RAMs at the current stage of the synthesis flow. Some Block RAMs may be reimplemented as non Block RAM primitives later in the synthesis flow. Multiple instantiated Block RAMs are reported only once. 
---------------------------------------------------------------------------------
Finished ROM, RAM, DSP, Shift Register and Retiming Reporting
---------------------------------------------------------------------------------
---------------------------------------------------------------------------------
Start Applying XDC Timing Constraints
---------------------------------------------------------------------------------
---------------------------------------------------------------------------------
Finished Applying XDC Timing Constraints : Time (s): cpu = 00:00:42 ; elapsed = 00:00:44 . Memory (MB): peak = 1352.051 ; gain = 775.676
---------------------------------------------------------------------------------
---------------------------------------------------------------------------------
Start Timing Optimization
---------------------------------------------------------------------------------
---------------------------------------------------------------------------------
Finished Timing Optimization : Time (s): cpu = 00:00:47 ; elapsed = 00:00:49 . Memory (MB): peak = 1436.207 ; gain = 859.832
---------------------------------------------------------------------------------
---------------------------------------------------------------------------------
Start ROM, RAM, DSP, Shift Register and Retiming Reporting
---------------------------------------------------------------------------------

Block RAM: Final Mapping Report
+------------+------------------+------------------------+---+---+------------------------+---+---+------------------+--------+--------+
|Module Name | RTL Object       | PORT A (Depth x Width) | W | R | PORT B (Depth x Width) | W | R | Ports driving FF | RAMB18 | RAMB36 | 
+------------+------------------+------------------------+---+---+------------------------+---+---+------------------+--------+--------+
|test_env    | inst_MEM/RAM_reg | 64 x 32(WRITE_FIRST)   | W | R |                        |   |   | Port A           | 1      | 0      | 
+------------+------------------+------------------------+---+---+------------------------+---+---+------------------+--------+--------+

---------------------------------------------------------------------------------
Finished ROM, RAM, DSP, Shift Register and Retiming Reporting
---------------------------------------------------------------------------------
---------------------------------------------------------------------------------
Start Technology Mapping
---------------------------------------------------------------------------------
INFO: [Synth 8-7052] The timing for the instance inst_MEM/RAM_reg (implemented as a Block RAM) might be sub-optimal as no optional output register could be merged into the ram block. Providing additional output register may help in improving timing.
INFO: [Synth 8-7052] The timing for the instance inst_MEM/RAM_reg (implemented as a Block RAM) might be sub-optimal as no optional output register could be merged into the ram block. Providing additional output register may help in improving timing.
INFO: [Synth 8-7052] The timing for the instance inst_ID/reg_file_reg_1 (implemented as a Block RAM) might be sub-optimal as no optional output register could be merged into the ram block. Providing additional output register may help in improving timing.
INFO: [Synth 8-7052] The timing for the instance inst_ID/reg_file_reg_2 (implemented as a Block RAM) might be sub-optimal as no optional output register could be merged into the ram block. Providing additional output register may help in improving timing.
---------------------------------------------------------------------------------
Finished Technology Mapping : Time (s): cpu = 00:00:47 ; elapsed = 00:00:49 . Memory (MB): peak = 1446.250 ; gain = 869.875
---------------------------------------------------------------------------------
---------------------------------------------------------------------------------
Start IO Insertion
---------------------------------------------------------------------------------
---------------------------------------------------------------------------------
Start Flattening Before IO Insertion
---------------------------------------------------------------------------------
---------------------------------------------------------------------------------
Finished Flattening Before IO Insertion
---------------------------------------------------------------------------------
---------------------------------------------------------------------------------
Start Final Netlist Cleanup
---------------------------------------------------------------------------------
---------------------------------------------------------------------------------
Finished Final Netlist Cleanup
---------------------------------------------------------------------------------
---------------------------------------------------------------------------------
Finished IO Insertion : Time (s): cpu = 00:00:53 ; elapsed = 00:00:56 . Memory (MB): peak = 1603.180 ; gain = 1026.805
---------------------------------------------------------------------------------
---------------------------------------------------------------------------------
Start Renaming Generated Instances
---------------------------------------------------------------------------------
---------------------------------------------------------------------------------
Finished Renaming Generated Instances : Time (s): cpu = 00:00:53 ; elapsed = 00:00:56 . Memory (MB): peak = 1603.180 ; gain = 1026.805
---------------------------------------------------------------------------------
---------------------------------------------------------------------------------
Start Rebuilding User Hierarchy
---------------------------------------------------------------------------------
---------------------------------------------------------------------------------
Finished Rebuilding User Hierarchy : Time (s): cpu = 00:00:54 ; elapsed = 00:00:56 . Memory (MB): peak = 1603.180 ; gain = 1026.805
---------------------------------------------------------------------------------
---------------------------------------------------------------------------------
Start Renaming Generated Ports
---------------------------------------------------------------------------------
---------------------------------------------------------------------------------
Finished Renaming Generated Ports : Time (s): cpu = 00:00:54 ; elapsed = 00:00:56 . Memory (MB): peak = 1603.180 ; gain = 1026.805
---------------------------------------------------------------------------------
---------------------------------------------------------------------------------
Start Handling Custom Attributes
---------------------------------------------------------------------------------
---------------------------------------------------------------------------------
Finished Handling Custom Attributes : Time (s): cpu = 00:00:54 ; elapsed = 00:00:56 . Memory (MB): peak = 1604.191 ; gain = 1027.816
---------------------------------------------------------------------------------
---------------------------------------------------------------------------------
Start Renaming Generated Nets
---------------------------------------------------------------------------------
---------------------------------------------------------------------------------
Finished Renaming Generated Nets : Time (s): cpu = 00:00:54 ; elapsed = 00:00:56 . Memory (MB): peak = 1604.191 ; gain = 1027.816
---------------------------------------------------------------------------------
---------------------------------------------------------------------------------
Start ROM, RAM, DSP, Shift Register and Retiming Reporting
---------------------------------------------------------------------------------

Static Shift Register Report:
+------------+---------------------+--------+-------+--------------+--------------------+-------------------+--------+---------+
|Module Name | RTL Name            | Length | Width | Reset Signal | Pull out first Reg | Pull out last Reg | SRL16E | SRLC32E | 
+------------+---------------------+--------+-------+--------------+--------------------+-------------------+--------+---------+
|test_env    | RegWrite_MEM_WB_reg | 3      | 1     | NO           | NO                 | YES               | 1      | 0       | 
|test_env    | MemtoReg_MEM_WB_reg | 3      | 1     | NO           | NO                 | YES               | 1      | 0       | 
+------------+---------------------+--------+-------+--------------+--------------------+-------------------+--------+---------+

---------------------------------------------------------------------------------
Finished ROM, RAM, DSP, Shift Register and Retiming Reporting
---------------------------------------------------------------------------------
---------------------------------------------------------------------------------
Start Writing Synthesis Report
---------------------------------------------------------------------------------

Report BlackBoxes: 
+-+--------------+----------+
| |BlackBox name |Instances |
+-+--------------+----------+
+-+--------------+----------+

Report Cell Usage: 
+------+---------+------+
|      |Cell     |Count |
+------+---------+------+
|1     |BUFG     |     1|
|2     |CARRY4   |    42|
|3     |LUT1     |     4|
|4     |LUT2     |    10|
|5     |LUT3     |    96|
|6     |LUT4     |    35|
|7     |LUT5     |    83|
|8     |LUT6     |   161|
|9     |MUXF7    |    32|
|10    |MUXF8    |    16|
|11    |RAMB18E1 |     3|
|13    |SRL16E   |     2|
|14    |FDCE     |    31|
|15    |FDRE     |   308|
|16    |IBUF     |     6|
|17    |OBUF     |    26|
|18    |OBUFT    |     5|
+------+---------+------+
---------------------------------------------------------------------------------
Finished Writing Synthesis Report : Time (s): cpu = 00:00:54 ; elapsed = 00:00:56 . Memory (MB): peak = 1604.191 ; gain = 1027.816
---------------------------------------------------------------------------------
Synthesis finished with 0 errors, 0 critical warnings and 22 warnings.
Synthesis Optimization Runtime : Time (s): cpu = 00:00:39 ; elapsed = 00:00:53 . Memory (MB): peak = 1604.191 ; gain = 941.801
Synthesis Optimization Complete : Time (s): cpu = 00:00:54 ; elapsed = 00:00:56 . Memory (MB): peak = 1604.191 ; gain = 1027.816
INFO: [Project 1-571] Translating synthesized netlist
Netlist sorting complete. Time (s): cpu = 00:00:00 ; elapsed = 00:00:00.019 . Memory (MB): peak = 1613.340 ; gain = 0.000
INFO: [Netlist 29-17] Analyzing 93 Unisim elements for replacement
INFO: [Netlist 29-28] Unisim Transformation completed in 0 CPU seconds
INFO: [Project 1-570] Preparing netlist for logic optimization
INFO: [Opt 31-138] Pushed 1 inverter(s) to 2 load pin(s).
Netlist sorting complete. Time (s): cpu = 00:00:00 ; elapsed = 00:00:00.002 . Memory (MB): peak = 1617.043 ; gain = 0.000
INFO: [Project 1-111] Unisim Transformation Summary:
No Unisim elements were transformed.

Synth Design complete | Checksum: d671ff67
INFO: [Common 17-83] Releasing license: Synthesis
55 Infos, 51 Warnings, 0 Critical Warnings and 0 Errors encountered.
synth_design completed successfully
synth_design: Time (s): cpu = 00:01:00 ; elapsed = 00:01:06 . Memory (MB): peak = 1617.043 ; gain = 1246.477
Write ShapeDB Complete: Time (s): cpu = 00:00:00 ; elapsed = 00:00:00.003 . Memory (MB): peak = 1617.043 ; gain = 0.000
INFO: [Common 17-1381] The checkpoint 'E:/Anul 2/Semestru 2/AC/PIPELINE/PIPELINE.runs/synth_1/test_env.dcp' has been generated.
INFO: [Vivado 12-24828] Executing command : report_utilization -file test_env_utilization_synth.rpt -pb test_env_utilization_synth.pb
INFO: [Common 17-206] Exiting Vivado at Mon May 19 10:21:37 2025...
